[10:16:29] [main/INFO]: Environment: authHost='https://authserver.mojang.com', accountsHost='https://api.mojang.com', sessionHost='https://sessionserver.mojang.com', servicesHost='https://api.minecraftservices.com', name='PROD'
[10:16:29] [main/WARN]: Ambiguity between arguments [teleport, destination] and [teleport, targets] with inputs: [Player, 0123, @e, dd12be42-52a9-4a91-a8a1-11c01849e498]
[10:16:29] [main/WARN]: Ambiguity between arguments [teleport, location] and [teleport, destination] with inputs: [0.1 -0.5 .9, 0 0 0]
[10:16:29] [main/WARN]: Ambiguity between arguments [teleport, location] and [teleport, targets] with inputs: [0.1 -0.5 .9, 0 0 0]
[10:16:29] [main/WARN]: Ambiguity between arguments [teleport, targets] and [teleport, destination] with inputs: [Player, 0123, dd12be42-52a9-4a91-a8a1-11c01849e498]
[10:16:29] [main/WARN]: Ambiguity between arguments [teleport, targets, location] and [teleport, targets, destination] with inputs: [0.1 -0.5 .9, 0 0 0]
[10:16:29] [main/INFO]: Reloading ResourceManager: Default
[10:16:30] [Worker-Main-10/INFO]: Loaded 7 recipes
[10:16:30] [Worker-Main-10/INFO]: Loaded 927 advancements
[10:16:31] [Server thread/INFO]: Starting minecraft server version 1.16.4
[10:16:31] [Server thread/INFO]: Loading properties
[10:16:31] [Server thread/INFO]: Default game type: SURVIVAL
[10:16:31] [Server thread/INFO]: Generating keypair
[10:16:32] [Server thread/INFO]: Starting Minecraft server on *:25565
[10:16:32] [Server thread/INFO]: Using default channel type
[10:16:32] [Server thread/INFO]: Preparing level "world"
[10:16:32] [Server thread/INFO]: Preparing start region for dimension minecraft:overworld
[10:16:33] [Server thread/INFO]: Preparing spawn area: 0%
[10:16:33] [Server thread/INFO]: Preparing spawn area: 0%
[10:16:33] [Worker-Main-14/INFO]: Preparing spawn area: 0%
[10:16:33] [Worker-Main-10/INFO]: Preparing spawn area: 84%
[10:16:34] [Server thread/INFO]: Time elapsed: 1942 ms
[10:16:34] [Server thread/INFO]: Done (2.041s)! For help, type "help"
